<?xml version="1.0" encoding="UTF-8"?>
<!-- Generated by org.testng.reporters.JUnitReportReporter -->
<testsuite skipped="0" hostname="DESKTOP-EECEQ6C" name="com.ABC.DashboardPage" tests="2" failures="0" timestamp="2022-04-13T13:35:44 IST" time="26.249" errors="0">
  <testcase name="checkmsg01" time="15.554" classname="com.ABC.DashboardPage"/>
  <system-out/>
  <testcase name="checkmsg02" time="10.695" classname="com.ABC.DashboardPage"/>
  <system-out/>
</testsuite> <!-- com.ABC.DashboardPage -->
