<?xml version="1.0" encoding="UTF-8"?>
<!-- Generated by org.testng.reporters.JUnitReportReporter -->
<testsuite skipped="0" hostname="DESKTOP-EECEQ6C" name="com.ABC.DemoProjects" tests="2" failures="0" timestamp="2022-04-13T13:35:44 IST" time="14.455" errors="0">
  <testcase name="Loginpage" time="8.596" classname="com.ABC.DemoProjects"/>
  <system-out/>
  <testcase name="checkmsg" time="5.859" classname="com.ABC.DemoProjects"/>
  <system-out/>
</testsuite> <!-- com.ABC.DemoProjects -->
